[2022-01-22T13:04:02.323] [INFO] srt - Server started at 3000 socket
[2022-01-22T13:10:38.050] [INFO] srt - Server started at 3000 socket
[2022-01-22T14:13:36.388] [INFO] srt - Server started at 3000 socket
[2022-01-22T14:14:00.487] [INFO] srt - Server started at 3000 socket
[2022-01-22T14:14:07.220] [INFO] srt - { data: '3+3=', value: '6' }
[2022-01-22T15:05:11.212] [INFO] srt - Server started at 3000 socket
[2022-01-22T15:05:11.600] [INFO] srt - { value: 'Button', info: 'Created' }
[2022-01-22T15:06:17.824] [INFO] srt - Server started at 3000 socket
[2022-01-22T15:06:20.543] [INFO] srt - { value: 'Button', info: 'Created' }
    [2022-01-22T15:06:57.540] [INFO] srt - Server started at 3000 socket
[2022-01-22T15:07:04.116] [INFO] srt - Server started at 3000 socket
[2022-01-22T15:07:04.837] [INFO] srt - { value: 'Button', info: 'Created' }
[2022-01-22T15:07:39.695] [INFO] srt - Server started at 3000 socket
[2022-01-22T15:07:43.176] [INFO] srt - Server started at 3000 socket
[2022-01-22T15:07:43.985] [INFO] srt - { value: 'Button', info: 'Added event listener' }
[2022-01-22T15:08:14.313] [INFO] srt - Server started at 3000 socket
[2022-01-22T15:08:16.624] [INFO] srt - { data: '3+3=', value: '6' }
[2022-01-22T15:10:04.750] [INFO] srt - Server started at 3000 socket
[2022-01-22T15:10:07.072] [INFO] srt - Server started at 3000 socket
[2022-01-22T15:10:09.497] [INFO] srt - { data: '3=', value: '3' }
[2022-01-22T15:10:56.836] [INFO] srt - Server started at 3000 socket
[2022-01-22T15:11:04.095] [INFO] srt - { data: '3+=', value: 'fail' }
[2022-01-22T15:12:06.466] [INFO] srt - { value: 'Button', info: 'Added event listener' }
[2022-01-22T15:12:49.987] [INFO] srt - { data: '3+3=', value: '6' }
[2022-01-22T15:13:29.439] [INFO] srt - { data: '2+2=', value: '4' }
[2022-01-22T15:14:15.764] [INFO] srt - { data: '3+3=', value: '6' }
[2022-01-22T15:14:53.037] [INFO] srt - { data: '3+3=', value: '6' }
[2022-01-22T15:15:19.532] [INFO] srt - { data: '3=', value: '3' }
[2022-01-22T15:15:48.574] [INFO] srt - { data: '3=', value: '3' }
[2022-01-22T15:15:49.825] [INFO] srt - {}
[2022-01-22T15:15:58.219] [INFO] srt - {}
[2022-01-22T15:16:21.599] [INFO] srt - {}
[2022-01-22T15:18:39.872] [INFO] srt - {}
[2022-01-22T15:19:17.866] [INFO] srt - Server started at 3000 socket
[2022-01-22T15:19:17.889] [INFO] srt - {}
[2022-01-22T15:19:20.528] [INFO] srt - Server started at 3000 socket
[2022-01-22T15:19:23.457] [INFO] srt - { data: '3+3=', value: '6' }
[2022-01-22T15:19:29.972] [INFO] srt - {}
[2022-01-22T15:24:45.749] [INFO] srt - {}
[2022-01-22T15:26:17.640] [INFO] srt - { data: '3+3=', value: '6' }
[2022-01-22T15:26:19.271] [INFO] srt - {}
[2022-01-22T15:26:21.423] [INFO] srt - {}
[2022-01-22T15:26:29.791] [INFO] srt - {}
[2022-01-22T15:26:41.276] [INFO] srt - {}
[2022-01-22T15:26:45.963] [INFO] srt - {}
[2022-01-22T15:26:55.560] [INFO] srt - Server started at 3000 socket
[2022-01-22T15:26:55.896] [INFO] srt - { data: '3+3=', value: '6' }
[2022-01-22T15:27:09.646] [INFO] srt - Server started at 3000 socket
[2022-01-22T15:27:13.366] [INFO] srt - { data: '3+3=', value: '6' }
[2022-01-22T15:27:21.892] [INFO] srt - {}
[2022-01-22T15:28:16.852] [INFO] srt - { data: '3+3=', value: '6' }
[2022-01-22T15:28:28.880] [INFO] srt - {}
[2022-01-22T15:30:06.884] [INFO] srt - { data: '1', value: '2' }
[2022-01-22T15:30:14.727] [INFO] srt - {}
[2022-01-22T15:31:01.453] [INFO] srt - {}
[2022-01-22T15:31:07.775] [INFO] srt - {}
[2022-01-22T15:31:49.457] [INFO] srt - { data: '1', value: '2' }
[2022-01-22T15:31:51.217] [INFO] srt - { data: 'output', value: 'fail' }
[2022-01-22T15:31:51.219] [INFO] srt - { data: '1', value: '2' }
[2022-01-22T15:33:37.090] [INFO] srt - { data: '3+3=', value: '6' }
[2022-01-22T15:33:38.914] [INFO] srt - { data: '63+=', value: 'fail' }
[2022-01-22T15:34:00.103] [INFO] srt - { data: null, value: '6' }
[2022-01-22T15:34:28.952] [INFO] srt - { data: null, value: '6' }
[2022-01-22T15:34:39.398] [INFO] srt - { data: null, value: '64' }
[2022-01-22T16:52:41.566] [INFO] srt - Server started at 3000 socket
[2022-01-22T16:52:46.583] [INFO] srt - { data: '3+3=', value: '6' }
[2022-01-22T16:52:50.801] [INFO] srt - { data: '6+=', value: 'fail' }
[2022-01-22T16:52:54.203] [INFO] srt - { data: '6+123=', value: '129' }
[2022-01-26T18:41:36.691] [INFO] srt - Server started at 3000 socket
[2022-01-26T18:42:52.977] [INFO] srt - Server started at 3000 socket
[2022-01-26T18:43:10.183] [INFO] srt - { data: '3+3=', value: '6' }
[2022-01-26T19:08:06.758] [INFO] srt - Server started at 3000 socket
[2022-01-26T19:15:10.619] [INFO] srt - { data: '3+3=', value: '6' }
[2022-01-26T19:22:36.670] [INFO] srt - { data: '123+123=', value: '246' }
[2022-01-26T19:27:37.223] [INFO] srt - { data: '2462312+3=', value: '2462315' }
[2022-01-26T19:27:41.731] [INFO] srt - { data: '2323+23=', value: '2346' }
[2022-01-29T21:28:36.470] [INFO] srt - Server started at 3000 socket
[2022-01-29T21:29:19.214] [WARN] srt - { data: '3+3=', value: '6' }
[2022-01-29T21:29:30.668] [WARN] srt - { data: '1000*1000=', value: '1000000' }
[2022-01-29T21:30:03.536] [WARN] srt - { data: '86586-5=', value: '86581' }
[2022-01-29T21:30:14.278] [WARN] srt - { data: '86581*252=', value: '21818412' }
[2022-02-14T13:37:16.741] [INFO] srt - Server started at 3000 socket
[2022-02-14T13:39:00.581] [WARN] srt - { data: '25+3=', value: '28' }
[2022-02-14T13:39:54.389] [WARN] srt - { data: '3+3=', value: '6' }
[2022-02-14T13:40:34.893] [WARN] srt - { data: '3+3=', value: '6' }
